[35m[1mConsolidate compiler generated dependencies of target can_receiver_cpp[0m
[ 50%] Built target can_sender_cpp
[ 75%] [32mBuilding CXX object CMakeFiles/can_receiver_cpp.dir/src/can_receiver.cpp.o[0m
[100%] [32m[1mLinking CXX executable can_receiver_cpp[0m
[100%] Built target can_receiver_cpp
-- Install configuration: ""
-- Up-to-date: /home/sunrise/Robotic/install/can_bridge_cpp/lib/can_bridge_cpp/can_sender_cpp
-- Installing: /home/sunrise/Robotic/install/can_bridge_cpp/lib/can_bridge_cpp/can_receiver_cpp
-- Set runtime path of "/home/sunrise/Robotic/install/can_bridge_cpp/lib/can_bridge_cpp/can_receiver_cpp" to ""
-- Up-to-date: /home/sunrise/Robotic/install/can_bridge_cpp/share/ament_index/resource_index/package_run_dependencies/can_bridge_cpp
-- Up-to-date: /home/sunrise/Robotic/install/can_bridge_cpp/share/ament_index/resource_index/parent_prefix_path/can_bridge_cpp
-- Up-to-date: /home/sunrise/Robotic/install/can_bridge_cpp/share/can_bridge_cpp/environment/ament_prefix_path.sh
-- Up-to-date: /home/sunrise/Robotic/install/can_bridge_cpp/share/can_bridge_cpp/environment/ament_prefix_path.dsv
-- Up-to-date: /home/sunrise/Robotic/install/can_bridge_cpp/share/can_bridge_cpp/environment/path.sh
-- Up-to-date: /home/sunrise/Robotic/install/can_bridge_cpp/share/can_bridge_cpp/environment/path.dsv
-- Up-to-date: /home/sunrise/Robotic/install/can_bridge_cpp/share/can_bridge_cpp/local_setup.bash
-- Up-to-date: /home/sunrise/Robotic/install/can_bridge_cpp/share/can_bridge_cpp/local_setup.sh
-- Up-to-date: /home/sunrise/Robotic/install/can_bridge_cpp/share/can_bridge_cpp/local_setup.zsh
-- Up-to-date: /home/sunrise/Robotic/install/can_bridge_cpp/share/can_bridge_cpp/local_setup.dsv
-- Installing: /home/sunrise/Robotic/install/can_bridge_cpp/share/can_bridge_cpp/package.dsv
-- Up-to-date: /home/sunrise/Robotic/install/can_bridge_cpp/share/ament_index/resource_index/packages/can_bridge_cpp
-- Up-to-date: /home/sunrise/Robotic/install/can_bridge_cpp/share/can_bridge_cpp/cmake/can_bridge_cppConfig.cmake
-- Up-to-date: /home/sunrise/Robotic/install/can_bridge_cpp/share/can_bridge_cpp/cmake/can_bridge_cppConfig-version.cmake
-- Up-to-date: /home/sunrise/Robotic/install/can_bridge_cpp/share/can_bridge_cpp/package.xml
