[1.272s] DEBUG:colcon:Command line arguments: ['/usr/bin/colcon', 'build']
[1.272s] DEBUG:colcon:Parsed command line arguments: Namespace(log_base=None, log_level=None, verb_name='build', build_base='build', install_base='install', merge_install=False, symlink_install=False, test_result_base=None, continue_on_error=False, executor='parallel', parallel_workers=8, event_handlers=None, ignore_user_meta=False, metas=['./colcon.meta'], base_paths=['.'], packages_ignore=None, packages_ignore_regex=None, paths=None, packages_up_to=None, packages_up_to_regex=None, packages_above=None, packages_above_and_dependencies=None, packages_above_depth=None, packages_select_by_dep=None, packages_skip_by_dep=None, packages_skip_up_to=None, packages_select_build_failed=False, packages_skip_build_finished=False, packages_select_test_failures=False, packages_skip_test_passed=False, packages_select=None, packages_skip=None, packages_select_regex=None, packages_skip_regex=None, packages_start=None, packages_end=None, allow_overriding=[], cmake_args=None, cmake_target=None, cmake_target_skip_unavailable=False, cmake_clean_cache=False, cmake_clean_first=False, cmake_force_configure=False, ament_cmake_args=None, catkin_cmake_args=None, catkin_skip_building_tests=False, verb_parser=<colcon_defaults.argument_parser.defaults.DefaultArgumentsDecorator object at 0xffff92a52440>, verb_extension=<colcon_core.verb.build.BuildVerb object at 0xffff92a51f30>, main=<bound method BuildVerb.main of <colcon_core.verb.build.BuildVerb object at 0xffff92a51f30>>)
[2.556s] Level 1:colcon.colcon_core.package_discovery:discover_packages(colcon_meta) check parameters
[2.557s] Level 1:colcon.colcon_core.package_discovery:discover_packages(recursive) check parameters
[2.557s] Level 1:colcon.colcon_core.package_discovery:discover_packages(ignore) check parameters
[2.557s] Level 1:colcon.colcon_core.package_discovery:discover_packages(path) check parameters
[2.557s] Level 1:colcon.colcon_core.package_discovery:discover_packages(colcon_meta) discover
[2.558s] Level 1:colcon.colcon_core.package_discovery:discover_packages(recursive) discover
[2.558s] INFO:colcon.colcon_core.package_discovery:Crawling recursively for packages in '/home/sunrise/Robotic'
[2.558s] Level 1:colcon.colcon_core.package_identification:_identify(.) by extensions ['ignore', 'ignore_ament_install']
[2.559s] Level 1:colcon.colcon_core.package_identification:_identify(.) by extension 'ignore'
[2.559s] Level 1:colcon.colcon_core.package_identification:_identify(.) by extension 'ignore_ament_install'
[2.560s] Level 1:colcon.colcon_core.package_identification:_identify(.) by extensions ['colcon_pkg']
[2.560s] Level 1:colcon.colcon_core.package_identification:_identify(.) by extension 'colcon_pkg'
[2.560s] Level 1:colcon.colcon_core.package_identification:_identify(.) by extensions ['colcon_meta']
[2.560s] Level 1:colcon.colcon_core.package_identification:_identify(.) by extension 'colcon_meta'
[2.561s] Level 1:colcon.colcon_core.package_identification:_identify(.) by extensions ['ros']
[2.561s] Level 1:colcon.colcon_core.package_identification:_identify(.) by extension 'ros'
[2.646s] Level 1:colcon.colcon_core.package_identification:_identify(.) by extensions ['cmake', 'python']
[2.647s] Level 1:colcon.colcon_core.package_identification:_identify(.) by extension 'cmake'
[2.647s] Level 1:colcon.colcon_core.package_identification:_identify(.) by extension 'python'
[2.647s] Level 1:colcon.colcon_core.package_identification:_identify(.) by extensions ['python_setup_py']
[2.648s] Level 1:colcon.colcon_core.package_identification:_identify(.) by extension 'python_setup_py'
[2.648s] Level 1:colcon.colcon_core.package_identification:_identify(build) by extensions ['ignore', 'ignore_ament_install']
[2.649s] Level 1:colcon.colcon_core.package_identification:_identify(build) by extension 'ignore'
[2.649s] Level 1:colcon.colcon_core.package_identification:_identify(build) ignored
[2.650s] Level 1:colcon.colcon_core.package_identification:_identify(install) by extensions ['ignore', 'ignore_ament_install']
[2.650s] Level 1:colcon.colcon_core.package_identification:_identify(install) by extension 'ignore'
[2.650s] Level 1:colcon.colcon_core.package_identification:_identify(install) ignored
[2.651s] Level 1:colcon.colcon_core.package_identification:_identify(log) by extensions ['ignore', 'ignore_ament_install']
[2.651s] Level 1:colcon.colcon_core.package_identification:_identify(log) by extension 'ignore'
[2.651s] Level 1:colcon.colcon_core.package_identification:_identify(log) ignored
[2.652s] Level 1:colcon.colcon_core.package_identification:_identify(src) by extensions ['ignore', 'ignore_ament_install']
[2.652s] Level 1:colcon.colcon_core.package_identification:_identify(src) by extension 'ignore'
[2.653s] Level 1:colcon.colcon_core.package_identification:_identify(src) by extension 'ignore_ament_install'
[2.653s] Level 1:colcon.colcon_core.package_identification:_identify(src) by extensions ['colcon_pkg']
[2.653s] Level 1:colcon.colcon_core.package_identification:_identify(src) by extension 'colcon_pkg'
[2.653s] Level 1:colcon.colcon_core.package_identification:_identify(src) by extensions ['colcon_meta']
[2.654s] Level 1:colcon.colcon_core.package_identification:_identify(src) by extension 'colcon_meta'
[2.654s] Level 1:colcon.colcon_core.package_identification:_identify(src) by extensions ['ros']
[2.654s] Level 1:colcon.colcon_core.package_identification:_identify(src) by extension 'ros'
[2.655s] Level 1:colcon.colcon_core.package_identification:_identify(src) by extensions ['cmake', 'python']
[2.655s] Level 1:colcon.colcon_core.package_identification:_identify(src) by extension 'cmake'
[2.655s] Level 1:colcon.colcon_core.package_identification:_identify(src) by extension 'python'
[2.655s] Level 1:colcon.colcon_core.package_identification:_identify(src) by extensions ['python_setup_py']
[2.656s] Level 1:colcon.colcon_core.package_identification:_identify(src) by extension 'python_setup_py'
[2.656s] Level 1:colcon.colcon_core.package_identification:_identify(src/can_bridge_cpp) by extensions ['ignore', 'ignore_ament_install']
[2.657s] Level 1:colcon.colcon_core.package_identification:_identify(src/can_bridge_cpp) by extension 'ignore'
[2.657s] Level 1:colcon.colcon_core.package_identification:_identify(src/can_bridge_cpp) by extension 'ignore_ament_install'
[2.657s] Level 1:colcon.colcon_core.package_identification:_identify(src/can_bridge_cpp) by extensions ['colcon_pkg']
[2.657s] Level 1:colcon.colcon_core.package_identification:_identify(src/can_bridge_cpp) by extension 'colcon_pkg'
[2.658s] Level 1:colcon.colcon_core.package_identification:_identify(src/can_bridge_cpp) by extensions ['colcon_meta']
[2.658s] Level 1:colcon.colcon_core.package_identification:_identify(src/can_bridge_cpp) by extension 'colcon_meta'
[2.658s] Level 1:colcon.colcon_core.package_identification:_identify(src/can_bridge_cpp) by extensions ['ros']
[2.658s] Level 1:colcon.colcon_core.package_identification:_identify(src/can_bridge_cpp) by extension 'ros'
[2.683s] DEBUG:colcon.colcon_core.package_identification:Package 'src/can_bridge_cpp' with type 'ros.ament_cmake' and name 'can_bridge_cpp'
[2.683s] Level 1:colcon.colcon_core.package_discovery:discover_packages(recursive) using defaults
[2.683s] Level 1:colcon.colcon_core.package_discovery:discover_packages(ignore) discover
[2.684s] Level 1:colcon.colcon_core.package_discovery:discover_packages(ignore) using defaults
[2.684s] Level 1:colcon.colcon_core.package_discovery:discover_packages(path) discover
[2.684s] Level 1:colcon.colcon_core.package_discovery:discover_packages(path) using defaults
[2.859s] Level 1:colcon.colcon_core.package_discovery:discover_packages(prefix_path) check parameters
[2.860s] Level 1:colcon.colcon_core.package_discovery:discover_packages(prefix_path) discover
[2.874s] DEBUG:colcon.colcon_installed_package_information.package_discovery:Found 184 installed packages in /opt/ros/humble
[2.883s] Level 1:colcon.colcon_core.package_discovery:discover_packages(prefix_path) using defaults
[3.069s] Level 5:colcon.colcon_core.verb:set package 'can_bridge_cpp' build argument 'cmake_args' from command line to 'None'
[3.069s] Level 5:colcon.colcon_core.verb:set package 'can_bridge_cpp' build argument 'cmake_target' from command line to 'None'
[3.070s] Level 5:colcon.colcon_core.verb:set package 'can_bridge_cpp' build argument 'cmake_target_skip_unavailable' from command line to 'False'
[3.070s] Level 5:colcon.colcon_core.verb:set package 'can_bridge_cpp' build argument 'cmake_clean_cache' from command line to 'False'
[3.070s] Level 5:colcon.colcon_core.verb:set package 'can_bridge_cpp' build argument 'cmake_clean_first' from command line to 'False'
[3.070s] Level 5:colcon.colcon_core.verb:set package 'can_bridge_cpp' build argument 'cmake_force_configure' from command line to 'False'
[3.071s] Level 5:colcon.colcon_core.verb:set package 'can_bridge_cpp' build argument 'ament_cmake_args' from command line to 'None'
[3.071s] Level 5:colcon.colcon_core.verb:set package 'can_bridge_cpp' build argument 'catkin_cmake_args' from command line to 'None'
[3.071s] Level 5:colcon.colcon_core.verb:set package 'can_bridge_cpp' build argument 'catkin_skip_building_tests' from command line to 'False'
[3.071s] DEBUG:colcon.colcon_core.verb:Building package 'can_bridge_cpp' with the following arguments: {'ament_cmake_args': None, 'build_base': '/home/sunrise/Robotic/build/can_bridge_cpp', 'catkin_cmake_args': None, 'catkin_skip_building_tests': False, 'cmake_args': None, 'cmake_clean_cache': False, 'cmake_clean_first': False, 'cmake_force_configure': False, 'cmake_target': None, 'cmake_target_skip_unavailable': False, 'install_base': '/home/sunrise/Robotic/install/can_bridge_cpp', 'merge_install': False, 'path': '/home/sunrise/Robotic/src/can_bridge_cpp', 'symlink_install': False, 'test_result_base': None}
[3.072s] INFO:colcon.colcon_core.executor:Executing jobs using 'parallel' executor
[3.077s] DEBUG:colcon.colcon_parallel_executor.executor.parallel:run_until_complete
[3.078s] INFO:colcon.colcon_ros.task.ament_cmake.build:Building ROS package in '/home/sunrise/Robotic/src/can_bridge_cpp' with build type 'ament_cmake'
[3.079s] INFO:colcon.colcon_cmake.task.cmake.build:Building CMake package in '/home/sunrise/Robotic/src/can_bridge_cpp'
[3.102s] INFO:colcon.colcon_core.plugin_system:Skipping extension 'colcon_core.shell.bat': Not used on non-Windows systems
[3.103s] INFO:colcon.colcon_core.shell:Skip shell extension 'powershell' for command environment: Not usable outside of PowerShell
[3.103s] DEBUG:colcon.colcon_core.shell:Skip shell extension 'dsv' for command environment
[3.142s] DEBUG:colcon.colcon_core.event_handler.log_command:Invoking command in '/home/sunrise/Robotic/build/can_bridge_cpp': CMAKE_PREFIX_PATH=/opt/ros/humble /usr/bin/cmake --build /home/sunrise/Robotic/build/can_bridge_cpp -- -j8 -l8
[24.614s] DEBUG:colcon.colcon_core.event_handler.log_command:Invoked command in '/home/sunrise/Robotic/build/can_bridge_cpp' returned '0': CMAKE_PREFIX_PATH=/opt/ros/humble /usr/bin/cmake --build /home/sunrise/Robotic/build/can_bridge_cpp -- -j8 -l8
[24.690s] DEBUG:colcon.colcon_core.event_handler.log_command:Invoking command in '/home/sunrise/Robotic/build/can_bridge_cpp': CMAKE_PREFIX_PATH=/opt/ros/humble /usr/bin/cmake --install /home/sunrise/Robotic/build/can_bridge_cpp
[24.759s] Level 1:colcon.colcon_core.environment:create_environment_scripts_only(can_bridge_cpp)
[24.762s] DEBUG:colcon.colcon_core.event_handler.log_command:Invoked command in '/home/sunrise/Robotic/build/can_bridge_cpp' returned '0': CMAKE_PREFIX_PATH=/opt/ros/humble /usr/bin/cmake --install /home/sunrise/Robotic/build/can_bridge_cpp
[24.790s] Level 1:colcon.colcon_core.environment:checking '/home/sunrise/Robotic/install/can_bridge_cpp' for CMake module files
[24.803s] Level 1:colcon.colcon_core.environment:checking '/home/sunrise/Robotic/install/can_bridge_cpp' for CMake config files
[24.805s] Level 1:colcon.colcon_core.shell:create_environment_hook('can_bridge_cpp', 'cmake_prefix_path')
[24.806s] INFO:colcon.colcon_core.shell:Creating environment hook '/home/sunrise/Robotic/install/can_bridge_cpp/share/can_bridge_cpp/hook/cmake_prefix_path.ps1'
[24.817s] INFO:colcon.colcon_core.shell:Creating environment descriptor '/home/sunrise/Robotic/install/can_bridge_cpp/share/can_bridge_cpp/hook/cmake_prefix_path.dsv'
[24.821s] INFO:colcon.colcon_core.shell:Creating environment hook '/home/sunrise/Robotic/install/can_bridge_cpp/share/can_bridge_cpp/hook/cmake_prefix_path.sh'
[24.827s] Level 1:colcon.colcon_core.environment:checking '/home/sunrise/Robotic/install/can_bridge_cpp/lib'
[24.828s] Level 1:colcon.colcon_core.environment:checking '/home/sunrise/Robotic/install/can_bridge_cpp/bin'
[24.829s] Level 1:colcon.colcon_core.environment:checking '/home/sunrise/Robotic/install/can_bridge_cpp/lib/pkgconfig/can_bridge_cpp.pc'
[24.830s] Level 1:colcon.colcon_core.environment:checking '/home/sunrise/Robotic/install/can_bridge_cpp/lib/python3.10/site-packages'
[24.832s] Level 1:colcon.colcon_core.environment:checking '/home/sunrise/Robotic/install/can_bridge_cpp/bin'
[24.834s] INFO:colcon.colcon_core.shell:Creating package script '/home/sunrise/Robotic/install/can_bridge_cpp/share/can_bridge_cpp/package.ps1'
[24.840s] INFO:colcon.colcon_core.shell:Creating package descriptor '/home/sunrise/Robotic/install/can_bridge_cpp/share/can_bridge_cpp/package.dsv'
[24.844s] INFO:colcon.colcon_core.shell:Creating package script '/home/sunrise/Robotic/install/can_bridge_cpp/share/can_bridge_cpp/package.sh'
[24.849s] INFO:colcon.colcon_core.shell:Creating package script '/home/sunrise/Robotic/install/can_bridge_cpp/share/can_bridge_cpp/package.bash'
[24.856s] INFO:colcon.colcon_core.shell:Creating package script '/home/sunrise/Robotic/install/can_bridge_cpp/share/can_bridge_cpp/package.zsh'
[24.862s] Level 1:colcon.colcon_core.environment:create_file_with_runtime_dependencies(/home/sunrise/Robotic/install/can_bridge_cpp/share/colcon-core/packages/can_bridge_cpp)
[24.865s] Level 1:colcon.colcon_core.environment:create_environment_scripts_only(can_bridge_cpp)
[24.867s] Level 1:colcon.colcon_core.environment:checking '/home/sunrise/Robotic/install/can_bridge_cpp' for CMake module files
[24.870s] Level 1:colcon.colcon_core.environment:checking '/home/sunrise/Robotic/install/can_bridge_cpp' for CMake config files
[24.871s] Level 1:colcon.colcon_core.shell:create_environment_hook('can_bridge_cpp', 'cmake_prefix_path')
[24.873s] INFO:colcon.colcon_core.shell:Creating environment hook '/home/sunrise/Robotic/install/can_bridge_cpp/share/can_bridge_cpp/hook/cmake_prefix_path.ps1'
[24.876s] INFO:colcon.colcon_core.shell:Creating environment descriptor '/home/sunrise/Robotic/install/can_bridge_cpp/share/can_bridge_cpp/hook/cmake_prefix_path.dsv'
[24.878s] INFO:colcon.colcon_core.shell:Creating environment hook '/home/sunrise/Robotic/install/can_bridge_cpp/share/can_bridge_cpp/hook/cmake_prefix_path.sh'
[24.881s] Level 1:colcon.colcon_core.environment:checking '/home/sunrise/Robotic/install/can_bridge_cpp/lib'
[24.881s] Level 1:colcon.colcon_core.environment:checking '/home/sunrise/Robotic/install/can_bridge_cpp/bin'
[24.882s] Level 1:colcon.colcon_core.environment:checking '/home/sunrise/Robotic/install/can_bridge_cpp/lib/pkgconfig/can_bridge_cpp.pc'
[24.883s] Level 1:colcon.colcon_core.environment:checking '/home/sunrise/Robotic/install/can_bridge_cpp/lib/python3.10/site-packages'
[24.885s] Level 1:colcon.colcon_core.environment:checking '/home/sunrise/Robotic/install/can_bridge_cpp/bin'
[24.887s] INFO:colcon.colcon_core.shell:Creating package script '/home/sunrise/Robotic/install/can_bridge_cpp/share/can_bridge_cpp/package.ps1'
[24.890s] INFO:colcon.colcon_core.shell:Creating package descriptor '/home/sunrise/Robotic/install/can_bridge_cpp/share/can_bridge_cpp/package.dsv'
[24.893s] INFO:colcon.colcon_core.shell:Creating package script '/home/sunrise/Robotic/install/can_bridge_cpp/share/can_bridge_cpp/package.sh'
[24.895s] INFO:colcon.colcon_core.shell:Creating package script '/home/sunrise/Robotic/install/can_bridge_cpp/share/can_bridge_cpp/package.bash'
[24.898s] INFO:colcon.colcon_core.shell:Creating package script '/home/sunrise/Robotic/install/can_bridge_cpp/share/can_bridge_cpp/package.zsh'
[24.974s] Level 1:colcon.colcon_core.environment:create_file_with_runtime_dependencies(/home/sunrise/Robotic/install/can_bridge_cpp/share/colcon-core/packages/can_bridge_cpp)
[24.975s] DEBUG:colcon.colcon_parallel_executor.executor.parallel:closing loop
[24.976s] DEBUG:colcon.colcon_parallel_executor.executor.parallel:loop closed
[24.977s] DEBUG:colcon.colcon_parallel_executor.executor.parallel:run_until_complete finished with '0'
[24.977s] DEBUG:colcon.colcon_core.event_reactor:joining thread
[25.024s] INFO:colcon.colcon_core.plugin_system:Skipping extension 'colcon_notification.desktop_notification.notify_send': Could not find 'notify-send'
[25.025s] INFO:colcon.colcon_core.plugin_system:Skipping extension 'colcon_notification.desktop_notification.terminal_notifier': Not used on non-Darwin systems
[25.025s] INFO:colcon.colcon_core.plugin_system:Skipping extension 'colcon_notification.desktop_notification.win32': Not used on non-Windows systems
[25.026s] INFO:colcon.colcon_notification.desktop_notification:Sending desktop notification using 'notify2'
[25.420s] DEBUG:colcon.colcon_core.event_reactor:joined thread
[25.422s] INFO:colcon.colcon_core.shell:Creating prefix script '/home/sunrise/Robotic/install/local_setup.ps1'
[25.435s] INFO:colcon.colcon_core.shell:Creating prefix util module '/home/sunrise/Robotic/install/_local_setup_util_ps1.py'
[25.446s] INFO:colcon.colcon_core.shell:Creating prefix chain script '/home/sunrise/Robotic/install/setup.ps1'
[25.457s] INFO:colcon.colcon_core.shell:Creating prefix script '/home/sunrise/Robotic/install/local_setup.sh'
[25.461s] INFO:colcon.colcon_core.shell:Creating prefix util module '/home/sunrise/Robotic/install/_local_setup_util_sh.py'
[25.465s] INFO:colcon.colcon_core.shell:Creating prefix chain script '/home/sunrise/Robotic/install/setup.sh'
[25.472s] INFO:colcon.colcon_core.shell:Creating prefix script '/home/sunrise/Robotic/install/local_setup.bash'
[25.478s] INFO:colcon.colcon_core.shell:Creating prefix chain script '/home/sunrise/Robotic/install/setup.bash'
[25.484s] INFO:colcon.colcon_core.shell:Creating prefix script '/home/sunrise/Robotic/install/local_setup.zsh'
[25.488s] INFO:colcon.colcon_core.shell:Creating prefix chain script '/home/sunrise/Robotic/install/setup.zsh'
